TN:
SF:src/server.js
FN:122,(anonymous_0)
FN:184,(anonymous_1)
FN:193,(anonymous_2)
FN:202,(anonymous_3)
FN:213,(anonymous_4)
FN:231,(anonymous_5)
FN:245,(anonymous_6)
FN:255,(anonymous_7)
FN:267,(anonymous_8)
FN:283,(anonymous_9)
FN:293,(anonymous_10)
FN:304,(anonymous_11)
FN:322,(anonymous_12)
FN:351,(anonymous_13)
FN:384,(anonymous_14)
FN:394,(anonymous_15)
FN:404,(anonymous_16)
FN:414,(anonymous_17)
FN:424,(anonymous_18)
FN:434,(anonymous_19)
FN:444,(anonymous_20)
FN:454,(anonymous_21)
FN:464,(anonymous_22)
FNF:23
FNH:21
FNDA:50,(anonymous_0)
FNDA:1,(anonymous_1)
FNDA:0,(anonymous_2)
FNDA:0,(anonymous_3)
FNDA:3,(anonymous_4)
FNDA:2,(anonymous_5)
FNDA:1,(anonymous_6)
FNDA:2,(anonymous_7)
FNDA:9,(anonymous_8)
FNDA:4,(anonymous_9)
FNDA:2,(anonymous_10)
FNDA:2,(anonymous_11)
FNDA:5,(anonymous_12)
FNDA:7,(anonymous_13)
FNDA:2,(anonymous_14)
FNDA:2,(anonymous_15)
FNDA:2,(anonymous_16)
FNDA:2,(anonymous_17)
FNDA:2,(anonymous_18)
FNDA:2,(anonymous_19)
FNDA:2,(anonymous_20)
FNDA:2,(anonymous_21)
FNDA:2,(anonymous_22)
DA:56,1
DA:78,1
DA:123,50
DA:131,50
DA:139,50
DA:147,50
DA:155,50
DA:163,50
DA:171,50
DA:185,1
DA:194,0
DA:203,0
DA:214,3
DA:216,3
DA:217,1
DA:220,2
DA:221,2
DA:232,2
DA:233,1
DA:236,1
DA:237,1
DA:246,1
DA:247,1
DA:256,2
DA:268,9
DA:269,6
DA:272,9
DA:273,9
DA:284,4
DA:294,2
DA:295,2
DA:305,2
DA:306,2
DA:309,2
DA:323,5
DA:324,1
DA:327,4
DA:328,4
DA:330,4
DA:331,3
DA:332,6
DA:336,4
DA:352,7
DA:353,1
DA:357,6
DA:358,2
DA:359,4
DA:360,1
DA:361,3
DA:362,1
DA:363,2
DA:364,1
DA:366,1
DA:369,5
DA:370,5
DA:372,5
DA:374,5
DA:376,5
DA:385,2
DA:395,2
DA:396,2
DA:405,2
DA:415,2
DA:416,2
DA:425,2
DA:435,2
DA:436,2
DA:445,2
DA:455,2
DA:456,2
DA:465,2
DA:466,1
DA:469,2
LF:73
LH:71
BRDA:214,0,0,3
BRDA:214,0,1,2
BRDA:216,1,0,1
BRDA:216,1,1,2
BRDA:232,2,0,1
BRDA:232,2,1,1
BRDA:268,3,0,6
BRDA:268,3,1,3
BRDA:295,4,0,1
BRDA:295,4,1,1
BRDA:323,5,0,1
BRDA:323,5,1,4
BRDA:330,6,0,3
BRDA:330,6,1,1
BRDA:352,7,0,1
BRDA:352,7,1,6
BRDA:357,8,0,2
BRDA:357,8,1,4
BRDA:359,9,0,1
BRDA:359,9,1,3
BRDA:361,10,0,1
BRDA:361,10,1,2
BRDA:363,11,0,1
BRDA:363,11,1,1
BRDA:369,12,0,5
BRDA:369,12,1,0
BRDA:396,13,0,1
BRDA:396,13,1,1
BRDA:416,14,0,1
BRDA:416,14,1,1
BRDA:436,15,0,1
BRDA:436,15,1,1
BRDA:456,16,0,1
BRDA:456,16,1,1
BRDA:465,17,0,1
BRDA:465,17,1,1
BRDA:465,18,0,2
BRDA:465,18,1,1
BRF:38
BRH:37
end_of_record
TN:
SF:src/tools/bridge/bridge.js
FN:26,bridge
FN:104,(anonymous_1)
FNF:2
FNH:2
FNDA:10,bridge
FNDA:8,(anonymous_1)
DA:27,10
DA:29,10
DA:31,9
DA:105,8
DA:106,8
DA:108,8
DA:109,1
DA:115,7
DA:116,7
DA:117,1
DA:123,6
DA:124,6
DA:125,5
DA:127,5
DA:128,5
DA:130,5
DA:137,5
DA:139,5
DA:141,5
DA:157,5
DA:172,5
DA:173,3
DA:178,2
DA:180,2
DA:192,2
DA:197,1
LF:26
LH:26
BRDA:29,0,0,1
BRDA:29,0,1,9
BRDA:108,1,0,1
BRDA:108,1,1,7
BRDA:116,2,0,1
BRDA:116,2,1,6
BRDA:128,3,0,5
BRDA:128,3,1,5
BRDA:172,4,0,3
BRDA:172,4,1,2
BRDA:172,5,0,5
BRDA:172,5,1,3
BRF:12
BRH:12
end_of_record
TN:
SF:src/tools/bridge/quoteBridge.js
FN:26,quoteBridge
FN:92,(anonymous_1)
FNF:2
FNH:2
FNDA:10,quoteBridge
FNDA:8,(anonymous_1)
DA:27,10
DA:29,10
DA:31,9
DA:93,8
DA:94,8
DA:96,8
DA:97,1
DA:103,7
DA:104,7
DA:105,1
DA:111,6
DA:112,6
DA:113,5
DA:115,5
DA:117,5
DA:124,5
DA:126,5
DA:136,5
DA:141,1
LF:19
LH:19
BRDA:29,0,0,1
BRDA:29,0,1,9
BRDA:96,1,0,1
BRDA:96,1,1,7
BRDA:104,2,0,1
BRDA:104,2,1,6
BRDA:121,3,0,5
BRDA:121,3,1,4
BRF:8
BRH:8
end_of_record
TN:
SF:src/tools/fiat/buy.js
FN:26,buy
FN:87,(anonymous_1)
FNF:2
FNH:2
FNDA:11,buy
FNDA:9,(anonymous_1)
DA:27,11
DA:29,11
DA:31,10
DA:88,9
DA:89,9
DA:91,9
DA:92,1
DA:98,8
DA:99,8
DA:100,7
DA:102,7
DA:108,7
DA:109,1
DA:111,6
DA:114,7
DA:116,7
DA:121,7
DA:129,1
LF:18
LH:18
BRDA:29,0,0,1
BRDA:29,0,1,10
BRDA:91,1,0,1
BRDA:91,1,1,8
BRDA:105,2,0,7
BRDA:105,2,1,6
BRDA:108,3,0,1
BRDA:108,3,1,6
BRF:8
BRH:8
end_of_record
TN:
SF:src/tools/fiat/getSupportedCountries.js
FN:26,getSupportedCountries
FN:71,(anonymous_1)
FN:88,(anonymous_2)
FNF:3
FNH:3
FNDA:8,getSupportedCountries
FNDA:6,(anonymous_1)
FNDA:8,(anonymous_2)
DA:27,8
DA:29,8
DA:31,7
DA:72,6
DA:73,6
DA:75,6
DA:76,1
DA:82,5
DA:83,5
DA:84,4
DA:86,4
DA:88,8
DA:95,4
DA:100,1
LF:14
LH:14
BRDA:29,0,0,1
BRDA:29,0,1,7
BRDA:75,1,0,1
BRDA:75,1,1,5
BRF:4
BRH:4
end_of_record
TN:
SF:src/tools/fiat/getSupportedCryptoAssets.js
FN:26,getSupportedCryptoAssets
FN:71,(anonymous_1)
FN:88,(anonymous_2)
FNF:3
FNH:3
FNDA:9,getSupportedCryptoAssets
FNDA:7,(anonymous_1)
FNDA:6,(anonymous_2)
DA:27,9
DA:29,9
DA:31,8
DA:72,7
DA:73,7
DA:75,7
DA:76,1
DA:82,6
DA:83,6
DA:84,5
DA:86,5
DA:88,6
DA:95,5
DA:100,1
LF:14
LH:14
BRDA:29,0,0,1
BRDA:29,0,1,8
BRDA:75,1,0,1
BRDA:75,1,1,6
BRF:4
BRH:4
end_of_record
TN:
SF:src/tools/fiat/getSupportedFiatCurrencies.js
FN:26,getSupportedFiatCurrencies
FN:70,(anonymous_1)
FN:87,(anonymous_2)
FNF:3
FNH:3
FNDA:9,getSupportedFiatCurrencies
FNDA:7,(anonymous_1)
FNDA:6,(anonymous_2)
DA:27,9
DA:29,9
DA:31,8
DA:71,7
DA:72,7
DA:74,7
DA:75,1
DA:81,6
DA:82,6
DA:83,5
DA:85,5
DA:87,6
DA:93,5
DA:98,1
LF:14
LH:14
BRDA:29,0,0,1
BRDA:29,0,1,8
BRDA:74,1,0,1
BRDA:74,1,1,6
BRF:4
BRH:4
end_of_record
TN:
SF:src/tools/fiat/getTransactionDetail.js
FN:26,getTransactionDetail
FN:86,(anonymous_1)
FNF:2
FNH:2
FNDA:10,getTransactionDetail
FNDA:8,(anonymous_1)
DA:27,10
DA:29,10
DA:31,9
DA:87,8
DA:88,8
DA:90,8
DA:91,1
DA:97,7
DA:98,7
DA:99,6
DA:101,6
DA:103,6
DA:111,6
DA:116,1
LF:14
LH:14
BRDA:29,0,0,1
BRDA:29,0,1,9
BRDA:86,1,0,7
BRDA:90,2,0,1
BRDA:90,2,1,7
BRF:5
BRH:5
end_of_record
TN:
SF:src/tools/fiat/quoteBuy.js
FN:26,quoteBuy
FN:90,(anonymous_1)
FNF:2
FNH:2
FNDA:10,quoteBuy
FNDA:8,(anonymous_1)
DA:27,10
DA:29,10
DA:31,9
DA:91,8
DA:92,8
DA:94,8
DA:95,1
DA:101,7
DA:102,7
DA:103,6
DA:105,6
DA:110,6
DA:111,1
DA:113,5
DA:116,6
DA:118,6
DA:128,6
DA:133,1
LF:18
LH:18
BRDA:29,0,0,1
BRDA:29,0,1,9
BRDA:94,1,0,1
BRDA:94,1,1,7
BRDA:110,2,0,1
BRDA:110,2,1,5
BRF:6
BRH:6
end_of_record
TN:
SF:src/tools/fiat/quoteSell.js
FN:26,quoteSell
FN:88,(anonymous_1)
FNF:2
FNH:2
FNDA:9,quoteSell
FNDA:7,(anonymous_1)
DA:27,9
DA:29,9
DA:31,8
DA:89,7
DA:90,7
DA:92,7
DA:93,1
DA:99,6
DA:100,6
DA:101,5
DA:103,5
DA:109,5
DA:119,5
DA:124,1
LF:14
LH:14
BRDA:29,0,0,1
BRDA:29,0,1,8
BRDA:92,1,0,1
BRDA:92,1,1,6
BRF:4
BRH:4
end_of_record
TN:
SF:src/tools/fiat/sell.js
FN:26,sell
FN:85,(anonymous_1)
FNF:2
FNH:2
FNDA:10,sell
FNDA:8,(anonymous_1)
DA:27,10
DA:29,10
DA:31,9
DA:86,8
DA:87,8
DA:89,8
DA:90,1
DA:96,7
DA:97,7
DA:98,6
DA:100,6
DA:107,6
DA:112,6
DA:120,1
LF:14
LH:14
BRDA:29,0,0,1
BRDA:29,0,1,9
BRDA:89,1,0,1
BRDA:89,1,1,7
BRDA:104,2,0,6
BRDA:104,2,1,5
BRF:6
BRH:6
end_of_record
TN:
SF:src/tools/indexer/getTokenBalance.js
FN:27,getIndexerTokenBalance
FN:77,(anonymous_1)
FNF:2
FNH:2
FNDA:6,getIndexerTokenBalance
FNDA:5,(anonymous_1)
DA:28,6
DA:78,5
DA:79,5
DA:80,4
DA:82,4
DA:90,1
LF:6
LH:6
BRDA:80,0,0,4
BRDA:80,0,1,1
BRF:2
BRH:2
end_of_record
TN:
SF:src/tools/indexer/getTokenTransfers.js
FN:27,getTokenTransfers
FN:99,(anonymous_1)
FNF:2
FNH:2
FNDA:7,getTokenTransfers
FNDA:6,(anonymous_1)
DA:28,7
DA:100,6
DA:101,6
DA:108,5
DA:109,5
DA:113,5
DA:121,1
LF:7
LH:7
BRDA:108,0,0,5
BRDA:108,0,1,1
BRDA:109,1,0,1
BRDA:109,1,1,4
BRF:4
BRH:4
end_of_record
TN:
SF:src/tools/lending/borrow.js
FN:26,borrow
FN:97,(anonymous_1)
FNF:2
FNH:2
FNDA:13,borrow
FNDA:11,(anonymous_1)
DA:27,13
DA:29,13
DA:31,12
DA:98,11
DA:99,11
DA:101,11
DA:102,1
DA:108,10
DA:109,10
DA:110,1
DA:116,9
DA:117,9
DA:118,8
DA:120,8
DA:121,8
DA:123,8
DA:129,8
DA:131,8
DA:146,8
DA:161,8
DA:162,1
DA:167,7
DA:169,7
DA:179,7
DA:184,1
LF:25
LH:25
BRDA:29,0,0,1
BRDA:29,0,1,12
BRDA:101,1,0,1
BRDA:101,1,1,10
BRDA:109,2,0,1
BRDA:109,2,1,9
BRDA:121,3,0,8
BRDA:121,3,1,8
BRDA:161,4,0,1
BRDA:161,4,1,7
BRDA:161,5,0,8
BRDA:161,5,1,7
BRF:12
BRH:12
end_of_record
TN:
SF:src/tools/lending/quoteBorrow.js
FN:26,quoteBorrow
FN:83,(anonymous_1)
FNF:2
FNH:2
FNDA:12,quoteBorrow
FNDA:10,(anonymous_1)
DA:27,12
DA:29,12
DA:31,11
DA:84,10
DA:85,10
DA:87,10
DA:88,1
DA:94,9
DA:95,9
DA:96,1
DA:102,8
DA:103,8
DA:104,7
DA:106,7
DA:108,7
DA:114,7
DA:116,7
DA:124,7
DA:129,1
LF:19
LH:19
BRDA:29,0,0,1
BRDA:29,0,1,11
BRDA:87,1,0,1
BRDA:87,1,1,9
BRDA:95,2,0,1
BRDA:95,2,1,8
BRDA:111,3,0,7
BRDA:111,3,1,6
BRF:8
BRH:8
end_of_record
TN:
SF:src/tools/lending/quoteRepay.js
FN:26,quoteRepay
FN:83,(anonymous_1)
FNF:2
FNH:2
FNDA:12,quoteRepay
FNDA:10,(anonymous_1)
DA:27,12
DA:29,12
DA:31,11
DA:84,10
DA:85,10
DA:87,10
DA:88,1
DA:94,9
DA:95,9
DA:96,1
DA:102,8
DA:103,8
DA:104,7
DA:106,7
DA:108,7
DA:114,7
DA:116,7
DA:124,7
DA:129,1
LF:19
LH:19
BRDA:29,0,0,1
BRDA:29,0,1,11
BRDA:87,1,0,1
BRDA:87,1,1,9
BRDA:95,2,0,1
BRDA:95,2,1,8
BRDA:111,3,0,7
BRDA:111,3,1,6
BRF:8
BRH:8
end_of_record
TN:
SF:src/tools/lending/quoteSupply.js
FN:26,quoteSupply
FN:83,(anonymous_1)
FNF:2
FNH:2
FNDA:10,quoteSupply
FNDA:8,(anonymous_1)
DA:27,10
DA:29,10
DA:31,9
DA:84,8
DA:85,8
DA:87,8
DA:88,1
DA:94,7
DA:95,7
DA:96,1
DA:102,6
DA:103,6
DA:104,5
DA:106,5
DA:108,5
DA:114,5
DA:116,5
DA:124,5
DA:129,1
LF:19
LH:19
BRDA:29,0,0,1
BRDA:29,0,1,9
BRDA:87,1,0,1
BRDA:87,1,1,7
BRDA:95,2,0,1
BRDA:95,2,1,6
BRDA:111,3,0,5
BRDA:111,3,1,4
BRF:8
BRH:8
end_of_record
TN:
SF:src/tools/lending/quoteWithdraw.js
FN:26,quoteWithdraw
FN:83,(anonymous_1)
FNF:2
FNH:2
FNDA:12,quoteWithdraw
FNDA:10,(anonymous_1)
DA:27,12
DA:29,12
DA:31,11
DA:84,10
DA:85,10
DA:87,10
DA:88,1
DA:94,9
DA:95,9
DA:96,1
DA:102,8
DA:103,8
DA:104,7
DA:106,7
DA:108,7
DA:114,7
DA:116,7
DA:124,7
DA:129,1
LF:19
LH:19
BRDA:29,0,0,1
BRDA:29,0,1,11
BRDA:87,1,0,1
BRDA:87,1,1,9
BRDA:95,2,0,1
BRDA:95,2,1,8
BRDA:111,3,0,7
BRDA:111,3,1,6
BRF:8
BRH:8
end_of_record
TN:
SF:src/tools/lending/repay.js
FN:26,repay
FN:97,(anonymous_1)
FNF:2
FNH:2
FNDA:13,repay
FNDA:11,(anonymous_1)
DA:27,13
DA:29,13
DA:31,12
DA:98,11
DA:99,11
DA:101,11
DA:102,1
DA:108,10
DA:109,10
DA:110,1
DA:116,9
DA:117,9
DA:118,8
DA:120,8
DA:121,8
DA:123,8
DA:129,8
DA:131,8
DA:144,8
DA:159,8
DA:160,1
DA:165,7
DA:167,7
DA:177,7
DA:182,1
LF:25
LH:25
BRDA:29,0,0,1
BRDA:29,0,1,12
BRDA:101,1,0,1
BRDA:101,1,1,10
BRDA:109,2,0,1
BRDA:109,2,1,9
BRDA:121,3,0,8
BRDA:121,3,1,8
BRDA:159,4,0,1
BRDA:159,4,1,7
BRDA:159,5,0,8
BRDA:159,5,1,7
BRF:12
BRH:12
end_of_record
TN:
SF:src/tools/lending/supply.js
FN:26,supply
FN:97,(anonymous_1)
FNF:2
FNH:2
FNDA:10,supply
FNDA:8,(anonymous_1)
DA:27,10
DA:29,10
DA:31,9
DA:98,8
DA:99,8
DA:101,8
DA:102,1
DA:108,7
DA:109,7
DA:110,1
DA:116,6
DA:117,6
DA:118,5
DA:120,5
DA:121,5
DA:123,5
DA:129,5
DA:131,5
DA:144,5
DA:159,5
DA:160,3
DA:165,2
DA:167,2
DA:177,2
DA:182,1
LF:25
LH:25
BRDA:29,0,0,1
BRDA:29,0,1,9
BRDA:101,1,0,1
BRDA:101,1,1,7
BRDA:109,2,0,1
BRDA:109,2,1,6
BRDA:121,3,0,5
BRDA:121,3,1,5
BRDA:159,4,0,3
BRDA:159,4,1,2
BRDA:159,5,0,5
BRDA:159,5,1,3
BRF:12
BRH:12
end_of_record
TN:
SF:src/tools/lending/withdraw.js
FN:26,withdraw
FN:96,(anonymous_1)
FNF:2
FNH:2
FNDA:14,withdraw
FNDA:12,(anonymous_1)
DA:27,14
DA:29,14
DA:31,13
DA:97,12
DA:98,12
DA:100,12
DA:101,1
DA:107,11
DA:108,11
DA:109,1
DA:115,10
DA:116,10
DA:117,9
DA:119,9
DA:120,9
DA:122,9
DA:128,9
DA:130,9
DA:143,9
DA:158,9
DA:159,1
DA:164,8
DA:166,8
DA:176,8
DA:181,1
LF:25
LH:25
BRDA:29,0,0,1
BRDA:29,0,1,13
BRDA:100,1,0,1
BRDA:100,1,1,11
BRDA:108,2,0,1
BRDA:108,2,1,10
BRDA:120,3,0,9
BRDA:120,3,1,8
BRDA:158,4,0,1
BRDA:158,4,1,8
BRDA:158,5,0,9
BRDA:158,5,1,8
BRF:12
BRH:12
end_of_record
TN:
SF:src/tools/pricing/getCurrentPrice.js
FN:26,getCurrentPrice
FN:73,(anonymous_1)
FNF:2
FNH:2
FNDA:7,getCurrentPrice
FNDA:6,(anonymous_1)
DA:27,7
DA:74,6
DA:75,6
DA:76,6
DA:78,6
DA:80,5
DA:92,1
LF:7
LH:7
BRF:0
BRH:0
end_of_record
TN:
SF:src/tools/pricing/getHistoricalPrice.js
FN:26,getHistoricalPrice
FN:90,(anonymous_1)
FNF:2
FNH:2
FNDA:10,getHistoricalPrice
FNDA:9,(anonymous_1)
DA:27,10
DA:91,9
DA:92,9
DA:93,9
DA:95,9
DA:102,8
DA:104,8
DA:112,8
DA:120,1
LF:9
LH:9
BRDA:102,0,0,8
BRDA:102,0,1,0
BRDA:107,1,0,8
BRDA:107,1,1,2
BRDA:108,2,0,8
BRDA:108,2,1,2
BRF:6
BRH:5
end_of_record
TN:
SF:src/tools/swap/quoteSwap.js
FN:26,quoteSwap
FN:90,(anonymous_1)
FNF:2
FNH:2
FNDA:15,quoteSwap
FNDA:13,(anonymous_1)
DA:27,15
DA:29,15
DA:31,14
DA:91,13
DA:92,13
DA:94,13
DA:95,1
DA:101,12
DA:102,12
DA:103,1
DA:109,11
DA:110,11
DA:111,1
DA:117,10
DA:118,10
DA:119,9
DA:121,9
DA:126,9
DA:127,9
DA:129,9
DA:130,8
DA:132,1
DA:135,9
DA:137,9
DA:138,9
DA:140,9
DA:149,9
DA:154,1
LF:28
LH:28
BRDA:29,0,0,1
BRDA:29,0,1,14
BRDA:94,1,0,1
BRDA:94,1,1,12
BRDA:102,2,0,1
BRDA:102,2,1,11
BRDA:110,3,0,1
BRDA:110,3,1,10
BRDA:126,4,0,8
BRDA:126,4,1,1
BRDA:129,5,0,8
BRDA:129,5,1,1
BRF:12
BRH:12
end_of_record
TN:
SF:src/tools/swap/swap.js
FN:26,swap
FN:104,(anonymous_1)
FNF:2
FNH:2
FNDA:16,swap
FNDA:14,(anonymous_1)
DA:27,16
DA:29,16
DA:31,15
DA:105,14
DA:106,14
DA:108,14
DA:109,1
DA:115,13
DA:116,13
DA:117,1
DA:123,12
DA:124,12
DA:125,1
DA:131,11
DA:132,11
DA:133,10
DA:135,10
DA:140,10
DA:141,10
DA:143,10
DA:144,9
DA:146,1
DA:149,10
DA:150,1
DA:153,10
DA:155,10
DA:156,10
DA:158,10
DA:170,10
DA:185,10
DA:186,6
DA:191,4
DA:193,4
DA:194,4
DA:196,4
DA:207,4
DA:212,1
LF:37
LH:37
BRDA:29,0,0,1
BRDA:29,0,1,15
BRDA:108,1,0,1
BRDA:108,1,1,13
BRDA:116,2,0,1
BRDA:116,2,1,12
BRDA:124,3,0,1
BRDA:124,3,1,11
BRDA:140,4,0,9
BRDA:140,4,1,1
BRDA:143,5,0,9
BRDA:143,5,1,1
BRDA:149,6,0,1
BRDA:149,6,1,9
BRDA:164,7,0,1
BRDA:164,7,1,9
BRDA:185,8,0,6
BRDA:185,8,1,4
BRDA:185,9,0,10
BRDA:185,9,1,5
BRF:20
BRH:20
end_of_record
TN:
SF:src/tools/wallet/getAddress.js
FN:26,getAddress
FN:76,(anonymous_1)
FNF:2
FNH:2
FNDA:6,getAddress
FNDA:5,(anonymous_1)
DA:27,6
DA:29,6
DA:77,5
DA:78,5
DA:79,4
DA:81,4
DA:86,1
LF:7
LH:7
BRF:0
BRH:0
end_of_record
TN:
SF:src/tools/wallet/getBalance.js
FN:26,getBalance
FN:78,(anonymous_1)
FNF:2
FNH:2
FNDA:9,getBalance
FNDA:7,(anonymous_1)
DA:27,9
DA:29,9
DA:79,7
DA:80,7
DA:81,6
DA:83,6
DA:84,6
DA:86,6
DA:94,1
LF:9
LH:9
BRDA:84,0,0,1
BRDA:84,0,1,5
BRDA:84,1,0,4
BRDA:84,1,1,1
BRF:4
BRH:4
end_of_record
TN:
SF:src/tools/wallet/getFeeRates.js
FN:26,getFeeRates
FN:76,(anonymous_1)
FNF:2
FNH:2
FNDA:5,getFeeRates
FNDA:4,(anonymous_1)
DA:27,5
DA:29,5
DA:77,4
DA:78,4
DA:80,3
DA:81,3
DA:82,6
DA:85,3
DA:93,1
LF:9
LH:9
BRDA:82,0,0,6
BRDA:82,0,1,0
BRF:2
BRH:1
end_of_record
TN:
SF:src/tools/wallet/getMaxSpendableBtc.js
FN:26,getMaxSpendableBtc
FN:77,(anonymous_1)
FNF:2
FNH:2
FNDA:7,getMaxSpendableBtc
FNDA:6,(anonymous_1)
DA:27,7
DA:78,6
DA:79,6
DA:80,5
DA:82,5
DA:88,5
DA:96,1
LF:7
LH:7
BRF:0
BRH:0
end_of_record
TN:
SF:src/tools/wallet/getTokenBalance.js
FN:26,getTokenBalance
FN:78,(anonymous_1)
FNF:2
FNH:2
FNDA:10,getTokenBalance
FNDA:9,(anonymous_1)
DA:27,10
DA:29,10
DA:79,9
DA:80,9
DA:81,9
DA:83,9
DA:84,2
DA:85,2
DA:91,7
DA:93,7
DA:94,6
DA:96,6
DA:97,6
DA:99,6
DA:110,3
LF:15
LH:15
BRDA:83,0,0,2
BRDA:83,0,1,7
BRDA:87,1,0,1
BRDA:87,1,1,1
BRF:4
BRH:4
end_of_record
TN:
SF:src/tools/wallet/quoteSendTransaction.js
FN:26,quoteSendTransaction
FN:89,(anonymous_1)
FNF:2
FNH:2
FNDA:7,quoteSendTransaction
FNDA:6,(anonymous_1)
DA:27,7
DA:29,7
DA:90,6
DA:91,6
DA:92,5
DA:97,5
DA:101,5
DA:109,1
LF:8
LH:8
BRF:0
BRH:0
end_of_record
TN:
SF:src/tools/wallet/quoteTransfer.js
FN:26,quoteTransfer
FN:94,(anonymous_1)
FNF:2
FNH:2
FNDA:11,quoteTransfer
FNDA:10,(anonymous_1)
DA:27,11
DA:29,11
DA:95,10
DA:96,10
DA:97,10
DA:99,10
DA:100,1
DA:101,1
DA:107,9
DA:109,9
DA:110,9
DA:111,2
DA:114,7
DA:116,7
DA:117,6
DA:123,6
DA:125,6
DA:135,4
LF:18
LH:18
BRDA:99,0,0,1
BRDA:99,0,1,9
BRDA:103,1,0,1
BRDA:103,1,1,0
BRDA:110,2,0,2
BRDA:110,2,1,7
BRDA:110,3,0,9
BRDA:110,3,1,8
BRF:8
BRH:7
end_of_record
TN:
SF:src/tools/wallet/sendTransaction.js
FN:26,sendTransaction
FN:81,(anonymous_1)
FNF:2
FNH:2
FNDA:12,sendTransaction
FNDA:11,(anonymous_1)
DA:27,12
DA:29,12
DA:82,11
DA:83,11
DA:85,11
DA:86,2
DA:89,9
DA:90,8
DA:95,8
DA:97,8
DA:108,8
DA:124,8
DA:125,2
DA:133,6
DA:138,6
DA:149,3
LF:16
LH:16
BRDA:85,0,0,2
BRDA:85,0,1,9
BRDA:124,1,0,2
BRDA:124,1,1,6
BRDA:124,2,0,8
BRDA:124,2,1,6
BRF:6
BRH:6
end_of_record
TN:
SF:src/tools/wallet/sign.js
FN:26,sign
FN:71,(anonymous_1)
FNF:2
FNH:2
FNDA:8,sign
FNDA:7,(anonymous_1)
DA:27,8
DA:29,8
DA:72,7
DA:73,7
DA:74,2
DA:77,5
DA:78,4
DA:80,4
DA:90,3
LF:9
LH:9
BRDA:73,0,0,2
BRDA:73,0,1,5
BRDA:73,1,0,7
BRDA:73,1,1,6
BRF:4
BRH:4
end_of_record
TN:
SF:src/tools/wallet/transfer.js
FN:26,transfer
FN:82,(anonymous_1)
FNF:2
FNH:2
FNDA:16,transfer
FNDA:15,(anonymous_1)
DA:27,16
DA:29,16
DA:83,15
DA:84,15
DA:85,15
DA:87,15
DA:88,2
DA:89,2
DA:95,13
DA:97,13
DA:98,13
DA:99,3
DA:102,10
DA:104,10
DA:106,9
DA:112,9
DA:123,9
DA:139,9
DA:140,6
DA:148,3
DA:154,3
DA:165,6
LF:22
LH:22
BRDA:87,0,0,2
BRDA:87,0,1,13
BRDA:91,1,0,2
BRDA:91,1,1,0
BRDA:98,2,0,3
BRDA:98,2,1,10
BRDA:98,3,0,13
BRDA:98,3,1,12
BRDA:139,4,0,6
BRDA:139,4,1,3
BRDA:139,5,0,9
BRDA:139,5,1,4
BRF:12
BRH:11
end_of_record
TN:
SF:src/tools/wallet/verify.js
FN:26,verify
FN:74,(anonymous_1)
FNF:2
FNH:2
FNDA:8,verify
FNDA:7,(anonymous_1)
DA:27,8
DA:29,8
DA:75,7
DA:76,7
DA:77,0
DA:80,7
DA:81,0
DA:84,7
DA:85,6
DA:87,6
DA:97,1
LF:11
LH:9
BRDA:76,0,0,0
BRDA:76,0,1,7
BRDA:76,1,0,7
BRDA:76,1,1,7
BRDA:80,2,0,0
BRDA:80,2,1,7
BRDA:80,3,0,7
BRDA:80,3,1,7
BRF:8
BRH:6
end_of_record
